::1 - - [07/Apr/2026 22:29:35] "GET /index.html HTTP/1.1" 200 -
::1 - - [07/Apr/2026 22:29:35] "GET /styles.css HTTP/1.1" 200 -
::1 - - [07/Apr/2026 22:29:35] "GET /radar-chart.js HTTP/1.1" 200 -
::1 - - [07/Apr/2026 22:29:35] "GET /shared.js HTTP/1.1" 200 -
::1 - - [07/Apr/2026 22:29:35] "GET /app.js HTTP/1.1" 200 -
::1 - - [07/Apr/2026 22:29:35] code 404, message File not found
::1 - - [07/Apr/2026 22:29:35] "GET /favicon.ico HTTP/1.1" 404 -
::1 - - [07/Apr/2026 22:30:22] "GET /index.html?iso3=KOR HTTP/1.1" 200 -
::1 - - [07/Apr/2026 22:31:09] "GET /index.html?iso3=KOR HTTP/1.1" 200 -
::1 - - [07/Apr/2026 22:31:09] "GET /app.js HTTP/1.1" 200 -
::1 - - [07/Apr/2026 22:31:09] "GET /styles.css HTTP/1.1" 200 -
::1 - - [07/Apr/2026 22:31:09] "GET /shared.js HTTP/1.1" 200 -
::1 - - [07/Apr/2026 22:31:09] "GET /radar-chart.js HTTP/1.1" 200 -
::1 - - [07/Apr/2026 23:06:35] "GET /index.html HTTP/1.1" 200 -
::1 - - [07/Apr/2026 23:06:35] code 404, message File not found
::1 - - [07/Apr/2026 23:06:35] "GET /favicon.ico HTTP/1.1" 404 -
::1 - - [07/Apr/2026 23:06:35] "GET /styles.css HTTP/1.1" 200 -
::1 - - [07/Apr/2026 23:06:35] "GET /shared.js HTTP/1.1" 200 -
::1 - - [07/Apr/2026 23:06:35] "GET /radar-chart.js HTTP/1.1" 200 -
::1 - - [07/Apr/2026 23:06:35] "GET /app.js HTTP/1.1" 200 -
::1 - - [07/Apr/2026 23:08:02] "GET /timeseries.html HTTP/1.1" 200 -
::1 - - [07/Apr/2026 23:08:02] "GET /styles.css HTTP/1.1" 200 -
::1 - - [07/Apr/2026 23:08:02] "GET /shared.js HTTP/1.1" 200 -
::1 - - [07/Apr/2026 23:08:02] "GET /timeseries-app.js HTTP/1.1" 200 -
::1 - - [07/Apr/2026 23:11:48] "GET /index.html HTTP/1.1" 200 -
::1 - - [07/Apr/2026 23:11:48] "GET /shared.js HTTP/1.1" 200 -
::1 - - [07/Apr/2026 23:11:48] "GET /styles.css HTTP/1.1" 200 -
::1 - - [07/Apr/2026 23:11:48] "GET /app.js HTTP/1.1" 304 -
::1 - - [07/Apr/2026 23:11:54] "GET /timeseries.html HTTP/1.1" 200 -
::1 - - [07/Apr/2026 23:11:54] "GET /styles.css HTTP/1.1" 200 -
::1 - - [07/Apr/2026 23:11:54] "GET /shared.js HTTP/1.1" 200 -
::1 - - [07/Apr/2026 23:11:54] "GET /timeseries-app.js HTTP/1.1" 304 -
::1 - - [07/Apr/2026 23:13:31] "GET /timeseries.html HTTP/1.1" 200 -
::1 - - [07/Apr/2026 23:13:31] "GET /styles.css HTTP/1.1" 200 -
::1 - - [07/Apr/2026 23:13:31] "GET /timeseries-app.js?v=2 HTTP/1.1" 200 -
::1 - - [07/Apr/2026 23:13:31] "GET /shared.js?v=2 HTTP/1.1" 200 -
::1 - - [07/Apr/2026 23:13:33] "GET /index.html HTTP/1.1" 200 -
::1 - - [07/Apr/2026 23:13:33] "GET /shared.js?v=2 HTTP/1.1" 200 -
::1 - - [07/Apr/2026 23:13:33] "GET /styles.css HTTP/1.1" 200 -
::1 - - [07/Apr/2026 23:13:33] "GET /app.js?v=2 HTTP/1.1" 200 -
::1 - - [07/Apr/2026 23:13:36] "GET /timeseries.html HTTP/1.1" 200 -
::1 - - [07/Apr/2026 23:15:39] "GET /index.html?iso3=KOR HTTP/1.1" 200 -
::1 - - [07/Apr/2026 23:15:39] "GET /shared.js?v=2 HTTP/1.1" 200 -
::1 - - [07/Apr/2026 23:15:39] "GET /styles.css HTTP/1.1" 304 -
::1 - - [07/Apr/2026 23:15:39] "GET /app.js?v=2 HTTP/1.1" 200 -
::1 - - [07/Apr/2026 23:15:39] "GET /radar-chart.js HTTP/1.1" 304 -
::1 - - [07/Apr/2026 23:15:55] "GET /timeseries.html?iso3=KOR HTTP/1.1" 200 -
::1 - - [07/Apr/2026 23:15:55] "GET /timeseries-app.js?v=2 HTTP/1.1" 200 -
::1 - - [07/Apr/2026 23:16:09] "GET /ndc-tracker.html?iso3=KOR HTTP/1.1" 200 -
::1 - - [07/Apr/2026 23:16:09] "GET /ndc-tracker-app.js?v=2 HTTP/1.1" 200 -
::1 - - [07/Apr/2026 23:16:09] "GET /shared.js?v=2 HTTP/1.1" 304 -
::1 - - [07/Apr/2026 23:20:05] "GET /timeseries.html HTTP/1.1" 200 -
::1 - - [07/Apr/2026 23:20:05] "GET /shared.js?v=2 HTTP/1.1" 200 -
::1 - - [07/Apr/2026 23:20:05] "GET /styles.css HTTP/1.1" 200 -
::1 - - [07/Apr/2026 23:20:05] "GET /timeseries-app.js?v=2 HTTP/1.1" 304 -
::1 - - [07/Apr/2026 23:20:07] "GET /index.html HTTP/1.1" 200 -
::1 - - [07/Apr/2026 23:20:07] "GET /styles.css HTTP/1.1" 200 -
::1 - - [07/Apr/2026 23:20:07] "GET /radar-chart.js HTTP/1.1" 304 -
::1 - - [07/Apr/2026 23:20:07] "GET /shared.js?v=2 HTTP/1.1" 200 -
::1 - - [07/Apr/2026 23:20:07] "GET /app.js?v=2 HTTP/1.1" 200 -
::1 - - [07/Apr/2026 23:20:21] "GET /timeseries.html HTTP/1.1" 200 -
::1 - - [07/Apr/2026 23:20:21] "GET /shared.js?v=2 HTTP/1.1" 304 -
::1 - - [07/Apr/2026 23:20:21] "GET /styles.css HTTP/1.1" 200 -
::1 - - [07/Apr/2026 23:22:05] "GET /timeseries.html HTTP/1.1" 200 -
::1 - - [07/Apr/2026 23:22:05] "GET /styles.css HTTP/1.1" 200 -
::1 - - [07/Apr/2026 23:22:05] "GET /shared.js?v=2 HTTP/1.1" 304 -
::1 - - [07/Apr/2026 23:22:08] "GET /index.html HTTP/1.1" 200 -
::1 - - [07/Apr/2026 23:22:08] "GET /tableau.extensions.1.latest.js HTTP/1.1" 200 -
::1 - - [07/Apr/2026 23:22:08] "GET /styles.css HTTP/1.1" 200 -
::1 - - [07/Apr/2026 23:22:08] "GET /shared.js?v=2 HTTP/1.1" 304 -
::1 - - [07/Apr/2026 23:22:08] "GET /app.js?v=3 HTTP/1.1" 200 -
::1 - - [07/Apr/2026 23:22:53] "GET /ndc-tracker.html HTTP/1.1" 200 -
::1 - - [07/Apr/2026 23:22:53] "GET /styles.css HTTP/1.1" 200 -
::1 - - [07/Apr/2026 23:22:53] "GET /tableau.extensions.1.latest.js HTTP/1.1" 200 -
::1 - - [07/Apr/2026 23:22:53] "GET /ndc-tracker-app.js?v=2 HTTP/1.1" 200 -
::1 - - [07/Apr/2026 23:22:53] "GET /shared.js?v=2 HTTP/1.1" 200 -
::1 - - [07/Apr/2026 23:23:03] "GET /index.html HTTP/1.1" 200 -
::1 - - [07/Apr/2026 23:23:03] "GET /styles.css HTTP/1.1" 200 -
::1 - - [07/Apr/2026 23:23:03] "GET /shared.js?v=2 HTTP/1.1" 200 -
::1 - - [07/Apr/2026 23:23:03] "GET /radar-chart.js HTTP/1.1" 200 -
::1 - - [07/Apr/2026 23:23:03] "GET /tableau.extensions.1.latest.js HTTP/1.1" 200 -
::1 - - [07/Apr/2026 23:23:03] "GET /app.js?v=3 HTTP/1.1" 200 -
::1 - - [07/Apr/2026 23:24:15] "GET /ndc-tracker.html HTTP/1.1" 200 -
::1 - - [07/Apr/2026 23:24:15] "GET /styles.css HTTP/1.1" 200 -
::1 - - [07/Apr/2026 23:24:15] "GET /shared.js?v=2 HTTP/1.1" 304 -
::1 - - [07/Apr/2026 23:24:15] "GET /tableau.extensions.1.latest.js HTTP/1.1" 200 -
::1 - - [07/Apr/2026 23:24:20] "GET /index.html HTTP/1.1" 200 -
::1 - - [07/Apr/2026 23:24:20] "GET /styles.css HTTP/1.1" 200 -
::1 - - [07/Apr/2026 23:24:20] "GET /tableau.extensions.1.latest.js HTTP/1.1" 200 -
::1 - - [07/Apr/2026 23:24:20] "GET /shared.js?v=2 HTTP/1.1" 304 -
::1 - - [07/Apr/2026 23:24:20] "GET /app.js?v=3 HTTP/1.1" 304 -
::1 - - [07/Apr/2026 23:24:35] "GET /ndc-tracker.html HTTP/1.1" 200 -
::1 - - [07/Apr/2026 23:24:35] "GET /styles.css HTTP/1.1" 200 -
::1 - - [07/Apr/2026 23:24:35] "GET /tableau.extensions.1.latest.js HTTP/1.1" 200 -
::1 - - [07/Apr/2026 23:24:35] "GET /shared.js?v=2 HTTP/1.1" 200 -
::1 - - [07/Apr/2026 23:24:35] "GET /ndc-tracker-app.js?v=2 HTTP/1.1" 200 -
::1 - - [07/Apr/2026 23:24:51] "GET /index.html HTTP/1.1" 200 -
::1 - - [07/Apr/2026 23:25:48] "GET /ndc-tracker.html?t=123 HTTP/1.1" 200 -
::1 - - [07/Apr/2026 23:25:48] "GET /styles.css HTTP/1.1" 200 -
::1 - - [07/Apr/2026 23:25:48] "GET /ndc-tracker-app.js?v=2 HTTP/1.1" 200 -
::1 - - [07/Apr/2026 23:25:48] "GET /tableau.extensions.1.latest.js HTTP/1.1" 200 -
::1 - - [07/Apr/2026 23:25:48] "GET /shared.js?v=2 HTTP/1.1" 200 -
::1 - - [07/Apr/2026 23:26:03] "GET /index.html?t=123 HTTP/1.1" 200 -
::1 - - [07/Apr/2026 23:26:03] "GET /styles.css HTTP/1.1" 200 -
::1 - - [07/Apr/2026 23:26:03] "GET /tableau.extensions.1.latest.js HTTP/1.1" 200 -
::1 - - [07/Apr/2026 23:26:03] "GET /shared.js?v=2 HTTP/1.1" 200 -
::1 - - [07/Apr/2026 23:26:03] "GET /radar-chart.js HTTP/1.1" 200 -
::1 - - [07/Apr/2026 23:26:03] "GET /app.js?v=3 HTTP/1.1" 200 -
::1 - - [07/Apr/2026 23:28:04] "GET /ndc-tracker.html?t=123 HTTP/1.1" 200 -
::1 - - [07/Apr/2026 23:28:04] "GET /styles.css HTTP/1.1" 200 -
::1 - - [07/Apr/2026 23:28:04] "GET /ndc-tracker-app.js?v=2 HTTP/1.1" 200 -
::1 - - [07/Apr/2026 23:28:04] "GET /shared.js?v=2 HTTP/1.1" 200 -
::1 - - [07/Apr/2026 23:28:04] "GET /tableau.extensions.1.latest.js HTTP/1.1" 200 -
::1 - - [07/Apr/2026 23:28:21] "GET /index.html?t=123 HTTP/1.1" 200 -
::1 - - [07/Apr/2026 23:28:21] "GET /tableau.extensions.1.latest.js HTTP/1.1" 200 -
::1 - - [07/Apr/2026 23:28:21] "GET /styles.css HTTP/1.1" 200 -
::1 - - [07/Apr/2026 23:28:21] "GET /shared.js?v=2 HTTP/1.1" 200 -
::1 - - [07/Apr/2026 23:28:21] "GET /radar-chart.js HTTP/1.1" 200 -
::1 - - [07/Apr/2026 23:28:21] "GET /app.js?v=3 HTTP/1.1" 200 -
::1 - - [07/Apr/2026 23:29:21] "GET /timeseries.html?t=123 HTTP/1.1" 200 -
::1 - - [07/Apr/2026 23:29:21] "GET /tableau.extensions.1.latest.js HTTP/1.1" 200 -
::1 - - [07/Apr/2026 23:29:21] "GET /styles.css HTTP/1.1" 200 -
::1 - - [07/Apr/2026 23:29:21] "GET /shared.js?v=2 HTTP/1.1" 200 -
::1 - - [07/Apr/2026 23:29:21] "GET /timeseries-app.js?v=2 HTTP/1.1" 200 -
::1 - - [07/Apr/2026 23:31:20] "GET /timeseries.html?t=123 HTTP/1.1" 200 -
::1 - - [07/Apr/2026 23:31:20] "GET /index.html?t=123 HTTP/1.1" 200 -
::1 - - [07/Apr/2026 23:31:20] "GET /ndc-tracker.html?t=123 HTTP/1.1" 200 -
::1 - - [07/Apr/2026 23:31:20] "GET /styles.css HTTP/1.1" 200 -
::1 - - [07/Apr/2026 23:31:20] "GET /tableau.extensions.1.latest.js HTTP/1.1" 200 -
::1 - - [07/Apr/2026 23:31:20] "GET /styles.css HTTP/1.1" 200 -
::1 - - [07/Apr/2026 23:31:20] "GET /shared.js?v=2 HTTP/1.1" 200 -
::1 - - [07/Apr/2026 23:31:20] "GET /styles.css HTTP/1.1" 200 -
::1 - - [07/Apr/2026 23:31:20] "GET /tableau.extensions.1.latest.js HTTP/1.1" 200 -
::1 - - [07/Apr/2026 23:31:20] "GET /tableau.extensions.1.latest.js HTTP/1.1" 200 -
::1 - - [07/Apr/2026 23:31:20] "GET /shared.js?v=2 HTTP/1.1" 200 -
::1 - - [07/Apr/2026 23:31:20] "GET /timeseries-app.js?v=2 HTTP/1.1" 200 -
::1 - - [07/Apr/2026 23:31:20] "GET /radar-chart.js HTTP/1.1" 200 -
::1 - - [07/Apr/2026 23:31:20] "GET /app.js?v=3 HTTP/1.1" 200 -
::1 - - [07/Apr/2026 23:31:20] "GET /shared.js?v=2 HTTP/1.1" 200 -
::1 - - [07/Apr/2026 23:31:20] "GET /ndc-tracker-app.js?v=2 HTTP/1.1" 200 -
::1 - - [07/Apr/2026 23:32:54] "GET /index.html?t=123 HTTP/1.1" 200 -
::1 - - [07/Apr/2026 23:32:54] "GET /ndc-tracker.html?t=123 HTTP/1.1" 200 -
::1 - - [07/Apr/2026 23:32:54] "GET /index.html?t=123 HTTP/1.1" 200 -
::1 - - [07/Apr/2026 23:32:54] "GET /tableau.extensions.1.latest.js HTTP/1.1" 304 -
::1 - - [07/Apr/2026 23:32:54] "GET /styles.css HTTP/1.1" 200 -
::1 - - [07/Apr/2026 23:32:54] "GET /styles.css HTTP/1.1" 200 -
::1 - - [07/Apr/2026 23:32:54] "GET /shared.js?v=2 HTTP/1.1" 304 -
::1 - - [07/Apr/2026 23:32:54] "GET /styles.css HTTP/1.1" 200 -
::1 - - [07/Apr/2026 23:32:54] "GET /tableau.extensions.1.latest.js HTTP/1.1" 304 -
::1 - - [07/Apr/2026 23:32:54] "GET /app.js?v=3 HTTP/1.1" 304 -
::1 - - [07/Apr/2026 23:32:54] "GET /tableau.extensions.1.latest.js HTTP/1.1" 304 -
::1 - - [07/Apr/2026 23:32:54] "GET /shared.js?v=2 HTTP/1.1" 304 -
::1 - - [07/Apr/2026 23:32:54] "GET /shared.js?v=2 HTTP/1.1" 304 -
::1 - - [07/Apr/2026 23:32:54] "GET /timeseries.html?t=123 HTTP/1.1" 200 -
::1 - - [07/Apr/2026 23:32:54] "GET /app.js?v=3 HTTP/1.1" 304 -
::1 - - [07/Apr/2026 23:32:54] "GET /styles.css HTTP/1.1" 200 -
::1 - - [07/Apr/2026 23:32:54] "GET /tableau.extensions.1.latest.js HTTP/1.1" 304 -
::1 - - [07/Apr/2026 23:32:54] "GET /shared.js?v=2 HTTP/1.1" 304 -
::1 - - [07/Apr/2026 23:32:58] "GET /index.html?t=123 HTTP/1.1" 200 -
::1 - - [07/Apr/2026 23:32:58] "GET /ndc-tracker.html?t=123 HTTP/1.1" 200 -
::1 - - [07/Apr/2026 23:32:58] "GET /timeseries.html?t=123 HTTP/1.1" 200 -
::1 - - [07/Apr/2026 23:32:58] "GET /index.html?t=123 HTTP/1.1" 200 -
